# JRE version: 7.0_04-b22
# Java VM: Java HotSpot(TM) 64-Bit Server VM (23.0-b21 mixed mode windows-amd64 compressed oops)
Heap
 PSYoungGen      total 156288K, used 91664K [0x00000000eae00000, 0x00000000f5a80000, 0x0000000000000000)
  eden space 154112K, 58% used [0x00000000eae00000,0x00000000f056c358,0x00000000f4480000)
  from space 2176K, 98% used [0x00000000f4ba0000,0x00000000f4db7d88,0x00000000f4dc0000)
  to   space 11264K, 0% used [0x00000000f4f80000,0x00000000f4f80000,0x00000000f5a80000)
 ParOldGen       total 43264K, used 29765K [0x00000000c0a00000, 0x00000000c3440000, 0x00000000eae00000)
  object space 43264K, 68% used [0x00000000c0a00000,0x00000000c2711618,0x00000000c3440000)
 PSPermGen       total 26048K, used 25938K [0x00000000bb800000, 0x00000000bd170000, 0x00000000c0a00000)
  object space 26048K, 99% used [0x00000000bb800000,0x00000000bd154a10,0x00000000bd170000)
GC Heap History (10 events):
Event: 9.574 GC heap before
{Heap before GC invocations=9 (full 0):
 PSYoungGen      total 71168K, used 63520K [0x00000000eae00000, 0x00000000efca0000, 0x0000000000000000)
  eden space 63360K, 100% used [0x00000000eae00000,0x00000000eebe0000,0x00000000eebe0000)
  from space 7808K, 2% used [0x00000000ef400000,0x00000000ef428000,0x00000000efba0000)
  to   space 8320K, 0% used [0x00000000eebe0000,0x00000000eebe0000,0x00000000ef400000)
 ParOldGen       total 43264K, used 17604K [0x00000000c0a00000, 0x00000000c3440000, 0x00000000eae00000)
  object space 43264K, 40% used [0x00000000c0a00000,0x00000000c1b31180,0x00000000c3440000)
 PSPermGen       total 24896K, used 24815K [0x00000000bb800000, 0x00000000bd050000, 0x00000000c0a00000)
  object space 24896K, 99% used [0x00000000bb800000,0x00000000bd03bd08,0x00000000bd050000)
Event: 9.586 GC heap after
Heap after GC invocations=9 (full 0):
 PSYoungGen      total 71680K, used 8319K [0x00000000eae00000, 0x00000000f2680000, 0x0000000000000000)
  eden space 63360K, 0% used [0x00000000eae00000,0x00000000eae00000,0x00000000eebe0000)
  from space 8320K, 99% used [0x00000000eebe0000,0x00000000ef3ffcf8,0x00000000ef400000)
  to   space 11008K, 0% used [0x00000000f1bc0000,0x00000000f1bc0000,0x00000000f2680000)
 ParOldGen       total 43264K, used 21225K [0x00000000c0a00000, 0x00000000c3440000, 0x00000000eae00000)
  object space 43264K, 49% used [0x00000000c0a00000,0x00000000c1eba5c8,0x00000000c3440000)
 PSPermGen       total 24896K, used 24815K [0x00000000bb800000, 0x00000000bd050000, 0x00000000c0a00000)
  object space 24896K, 99% used [0x00000000bb800000,0x00000000bd03bd08,0x00000000bd050000)
}
Event: 18.768 GC heap before
{Heap before GC invocations=10 (full 0):
 PSYoungGen      total 71680K, used 71679K [0x00000000eae00000, 0x00000000f2680000, 0x0000000000000000)
  eden space 63360K, 100% used [0x00000000eae00000,0x00000000eebe0000,0x00000000eebe0000)
  from space 8320K, 99% used [0x00000000eebe0000,0x00000000ef3ffcf8,0x00000000ef400000)
  to   space 11008K, 0% used [0x00000000f1bc0000,0x00000000f1bc0000,0x00000000f2680000)
 ParOldGen       total 43264K, used 21225K [0x00000000c0a00000, 0x00000000c3440000, 0x00000000eae00000)
  object space 43264K, 49% used [0x00000000c0a00000,0x00000000c1eba5c8,0x00000000c3440000)
 PSPermGen       total 25280K, used 25261K [0x00000000bb800000, 0x00000000bd0b0000, 0x00000000c0a00000)
  object space 25280K, 99% used [0x00000000bb800000,0x00000000bd0ab400,0x00000000bd0b0000)
Event: 18.779 GC heap after
Heap after GC invocations=10 (full 0):
 PSYoungGen      total 111872K, used 8031K [0x00000000eae00000, 0x00000000f2780000, 0x0000000000000000)
  eden space 100864K, 0% used [0x00000000eae00000,0x00000000eae00000,0x00000000f1080000)
  from space 11008K, 72% used [0x00000000f1bc0000,0x00000000f2397ed8,0x00000000f2680000)
  to   space 11520K, 0% used [0x00000000f1080000,0x00000000f1080000,0x00000000f1bc0000)
 ParOldGen       total 43264K, used 21241K [0x00000000c0a00000, 0x00000000c3440000, 0x00000000eae00000)
  object space 43264K, 49% used [0x00000000c0a00000,0x00000000c1ebe5c8,0x00000000c3440000)
 PSPermGen       total 25280K, used 25261K [0x00000000bb800000, 0x00000000bd0b0000, 0x00000000c0a00000)
  object space 25280K, 99% used [0x00000000bb800000,0x00000000bd0ab400,0x00000000bd0b0000)
}
Event: 29.998 GC heap before
{Heap before GC invocations=11 (full 0):
 PSYoungGen      total 111872K, used 108895K [0x00000000eae00000, 0x00000000f2780000, 0x0000000000000000)
  eden space 100864K, 100% used [0x00000000eae00000,0x00000000f1080000,0x00000000f1080000)
  from space 11008K, 72% used [0x00000000f1bc0000,0x00000000f2397ed8,0x00000000f2680000)
  to   space 11520K, 0% used [0x00000000f1080000,0x00000000f1080000,0x00000000f1bc0000)
 ParOldGen       total 43264K, used 21241K [0x00000000c0a00000, 0x00000000c3440000, 0x00000000eae00000)
  object space 43264K, 49% used [0x00000000c0a00000,0x00000000c1ebe5c8,0x00000000c3440000)
 PSPermGen       total 25664K, used 25496K [0x00000000bb800000, 0x00000000bd110000, 0x00000000c0a00000)
  object space 25664K, 99% used [0x00000000bb800000,0x00000000bd0e6080,0x00000000bd110000)
Event: 30.006 GC heap after
Heap after GC invocations=11 (full 0):
 PSYoungGen      total 112384K, used 304K [0x00000000eae00000, 0x00000000f62a0000, 0x0000000000000000)
  eden space 100864K, 0% used [0x00000000eae00000,0x00000000eae00000,0x00000000f1080000)
  from space 11520K, 2% used [0x00000000f1080000,0x00000000f10cc010,0x00000000f1bc0000)
  to   space 11776K, 0% used [0x00000000f5720000,0x00000000f5720000,0x00000000f62a0000)
 ParOldGen       total 43264K, used 29149K [0x00000000c0a00000, 0x00000000c3440000, 0x00000000eae00000)
  object space 43264K, 67% used [0x00000000c0a00000,0x00000000c26775e8,0x00000000c3440000)
 PSPermGen       total 25664K, used 25496K [0x00000000bb800000, 0x00000000bd110000, 0x00000000c0a00000)
  object space 25664K, 99% used [0x00000000bb800000,0x00000000bd0e6080,0x00000000bd110000)
}
Event: 32.631 GC heap before
{Heap before GC invocations=12 (full 0):
 PSYoungGen      total 112384K, used 101168K [0x00000000eae00000, 0x00000000f62a0000, 0x0000000000000000)
  eden space 100864K, 100% used [0x00000000eae00000,0x00000000f1080000,0x00000000f1080000)
  from space 11520K, 2% used [0x00000000f1080000,0x00000000f10cc010,0x00000000f1bc0000)
  to   space 11776K, 0% used [0x00000000f5720000,0x00000000f5720000,0x00000000f62a0000)
 ParOldGen       total 43264K, used 29149K [0x00000000c0a00000, 0x00000000c3440000, 0x00000000eae00000)
  object space 43264K, 67% used [0x00000000c0a00000,0x00000000c26775e8,0x00000000c3440000)
 PSPermGen       total 25664K, used 25518K [0x00000000bb800000, 0x00000000bd110000, 0x00000000c0a00000)
  object space 25664K, 99% used [0x00000000bb800000,0x00000000bd0eb908,0x00000000bd110000)
Event: 32.635 GC heap after
Heap after GC invocations=12 (full 0):
 PSYoungGen      total 172544K, used 5760K [0x00000000eae00000, 0x00000000f6200000, 0x0000000000000000)
  eden space 161408K, 0% used [0x00000000eae00000,0x00000000eae00000,0x00000000f4ba0000)
  from space 11136K, 51% used [0x00000000f5720000,0x00000000f5cc0020,0x00000000f6200000)
  to   space 11456K, 0% used [0x00000000f4ba0000,0x00000000f4ba0000,0x00000000f56d0000)
 ParOldGen       total 43264K, used 29317K [0x00000000c0a00000, 0x00000000c3440000, 0x00000000eae00000)
  object space 43264K, 67% used [0x00000000c0a00000,0x00000000c26a15e8,0x00000000c3440000)
 PSPermGen       total 25664K, used 25518K [0x00000000bb800000, 0x00000000bd110000, 0x00000000c0a00000)
  object space 25664K, 99% used [0x00000000bb800000,0x00000000bd0eb908,0x00000000bd110000)
}
Event: 39.607 GC heap before
{Heap before GC invocations=13 (full 0):
 PSYoungGen      total 172544K, used 167168K [0x00000000eae00000, 0x00000000f6200000, 0x0000000000000000)
  eden space 161408K, 100% used [0x00000000eae00000,0x00000000f4ba0000,0x00000000f4ba0000)
  from space 11136K, 51% used [0x00000000f5720000,0x00000000f5cc0020,0x00000000f6200000)
  to   space 11456K, 0% used [0x00000000f4ba0000,0x00000000f4ba0000,0x00000000f56d0000)
 ParOldGen       total 43264K, used 29317K [0x00000000c0a00000, 0x00000000c3440000, 0x00000000eae00000)
  object space 43264K, 67% used [0x00000000c0a00000,0x00000000c26a15e8,0x00000000c3440000)
 PSPermGen       total 25856K, used 25846K [0x00000000bb800000, 0x00000000bd140000, 0x00000000c0a00000)
  object space 25856K, 99% used [0x00000000bb800000,0x00000000bd13d8f8,0x00000000bd140000)
Event: 39.611 GC heap after
Heap after GC invocations=13 (full 0):
 PSYoungGen      total 156288K, used 2143K [0x00000000eae00000, 0x00000000f5a80000, 0x0000000000000000)
  eden space 154112K, 0% used [0x00000000eae00000,0x00000000eae00000,0x00000000f4480000)
  from space 2176K, 98% used [0x00000000f4ba0000,0x00000000f4db7d88,0x00000000f4dc0000)
  to   space 11264K, 0% used [0x00000000f4f80000,0x00000000f4f80000,0x00000000f5a80000)
 ParOldGen       total 43264K, used 29765K [0x00000000c0a00000, 0x00000000c3440000, 0x00000000eae00000)
  object space 43264K, 68% used [0x00000000c0a00000,0x00000000c2711618,0x00000000c3440000)
 PSPermGen       total 25856K, used 25846K [0x00000000bb800000, 0x00000000bd140000, 0x00000000c0a00000)
  object space 25856K, 99% used [0x00000000bb800000,0x00000000bd13d8f8,0x00000000bd140000)
}

