# JRE version: 7.0_04-b22
# Java VM: Java HotSpot(TM) 64-Bit Server VM (23.0-b21 mixed mode windows-amd64 compressed oops)
Heap
 PSYoungGen      total 134976K, used 53230K [0x00000000eae00000, 0x00000000f8750000, 0x0000000000000000)
  eden space 129856K, 37% used [0x00000000eae00000,0x00000000edcfcca8,0x00000000f2cd0000)
  from space 5120K, 99% used [0x00000000f2cd0000,0x00000000f31cedf8,0x00000000f31d0000)
  to   space 7360K, 0% used [0x00000000f8020000,0x00000000f8020000,0x00000000f8750000)
 ParOldGen       total 43264K, used 8392K [0x00000000c0a00000, 0x00000000c3440000, 0x00000000eae00000)
  object space 43264K, 19% used [0x00000000c0a00000,0x00000000c1232118,0x00000000c3440000)
 PSPermGen       total 21248K, used 16427K [0x00000000bb800000, 0x00000000bccc0000, 0x00000000c0a00000)
  object space 21248K, 77% used [0x00000000bb800000,0x00000000bc80aea0,0x00000000bccc0000)
GC Heap History (10 events):
Event: 4.281 GC heap before
{Heap before GC invocations=5 (full 0):
 PSYoungGen      total 35200K, used 35171K [0x00000000eae00000, 0x00000000ed300000, 0x0000000000000000)
  eden space 32512K, 99% used [0x00000000eae00000,0x00000000ecdba410,0x00000000ecdc0000)
  from space 2688K, 99% used [0x00000000ed060000,0x00000000ed2feb88,0x00000000ed300000)
  to   space 2688K, 0% used [0x00000000ecdc0000,0x00000000ecdc0000,0x00000000ed060000)
 ParOldGen       total 43264K, used 2266K [0x00000000c0a00000, 0x00000000c3440000, 0x00000000eae00000)
  object space 43264K, 5% used [0x00000000c0a00000,0x00000000c0c36af8,0x00000000c3440000)
 PSPermGen       total 21248K, used 13065K [0x00000000bb800000, 0x00000000bccc0000, 0x00000000c0a00000)
  object space 21248K, 61% used [0x00000000bb800000,0x00000000bc4c25a8,0x00000000bccc0000)
Event: 4.285 GC heap after
Heap after GC invocations=5 (full 0):
 PSYoungGen      total 35200K, used 2659K [0x00000000eae00000, 0x00000000ef680000, 0x0000000000000000)
  eden space 32512K, 0% used [0x00000000eae00000,0x00000000eae00000,0x00000000ecdc0000)
  from space 2688K, 98% used [0x00000000ecdc0000,0x00000000ed058f98,0x00000000ed060000)
  to   space 4608K, 0% used [0x00000000ef200000,0x00000000ef200000,0x00000000ef680000)
 ParOldGen       total 43264K, used 2322K [0x00000000c0a00000, 0x00000000c3440000, 0x00000000eae00000)
  object space 43264K, 5% used [0x00000000c0a00000,0x00000000c0c44af8,0x00000000c3440000)
 PSPermGen       total 21248K, used 13065K [0x00000000bb800000, 0x00000000bccc0000, 0x00000000c0a00000)
  object space 21248K, 61% used [0x00000000bb800000,0x00000000bc4c25a8,0x00000000bccc0000)
}
Event: 4.295 GC heap before
{Heap before GC invocations=6 (full 0):
 PSYoungGen      total 35200K, used 35125K [0x00000000eae00000, 0x00000000ef680000, 0x0000000000000000)
  eden space 32512K, 99% used [0x00000000eae00000,0x00000000ecdb4498,0x00000000ecdc0000)
  from space 2688K, 98% used [0x00000000ecdc0000,0x00000000ed058f98,0x00000000ed060000)
  to   space 4608K, 0% used [0x00000000ef200000,0x00000000ef200000,0x00000000ef680000)
 ParOldGen       total 43264K, used 2322K [0x00000000c0a00000, 0x00000000c3440000, 0x00000000eae00000)
  object space 43264K, 5% used [0x00000000c0a00000,0x00000000c0c44af8,0x00000000c3440000)
 PSPermGen       total 21248K, used 13065K [0x00000000bb800000, 0x00000000bccc0000, 0x00000000c0a00000)
  object space 21248K, 61% used [0x00000000bb800000,0x00000000bc4c25a8,0x00000000bccc0000)
Event: 4.300 GC heap after
Heap after GC invocations=6 (full 0):
 PSYoungGen      total 69376K, used 2679K [0x00000000eae00000, 0x00000000ef640000, 0x0000000000000000)
  eden space 65024K, 0% used [0x00000000eae00000,0x00000000eae00000,0x00000000eed80000)
  from space 4352K, 61% used [0x00000000ef200000,0x00000000ef49dea0,0x00000000ef640000)
  to   space 4480K, 0% used [0x00000000eed80000,0x00000000eed80000,0x00000000ef1e0000)
 ParOldGen       total 43264K, used 2322K [0x00000000c0a00000, 0x00000000c3440000, 0x00000000eae00000)
  object space 43264K, 5% used [0x00000000c0a00000,0x00000000c0c44af8,0x00000000c3440000)
 PSPermGen       total 21248K, used 13065K [0x00000000bb800000, 0x00000000bccc0000, 0x00000000c0a00000)
  object space 21248K, 61% used [0x00000000bb800000,0x00000000bc4c25a8,0x00000000bccc0000)
}
Event: 4.323 GC heap before
{Heap before GC invocations=7 (full 0):
 PSYoungGen      total 69376K, used 67594K [0x00000000eae00000, 0x00000000ef640000, 0x0000000000000000)
  eden space 65024K, 99% used [0x00000000eae00000,0x00000000eed64d50,0x00000000eed80000)
  from space 4352K, 61% used [0x00000000ef200000,0x00000000ef49dea0,0x00000000ef640000)
  to   space 4480K, 0% used [0x00000000eed80000,0x00000000eed80000,0x00000000ef1e0000)
 ParOldGen       total 43264K, used 2322K [0x00000000c0a00000, 0x00000000c3440000, 0x00000000eae00000)
  object space 43264K, 5% used [0x00000000c0a00000,0x00000000c0c44af8,0x00000000c3440000)
 PSPermGen       total 21248K, used 13065K [0x00000000bb800000, 0x00000000bccc0000, 0x00000000c0a00000)
  object space 21248K, 61% used [0x00000000bb800000,0x00000000bc4c25a8,0x00000000bccc0000)
Event: 4.327 GC heap after
Heap after GC invocations=7 (full 0):
 PSYoungGen      total 69504K, used 156K [0x00000000eae00000, 0x00000000f36a0000, 0x0000000000000000)
  eden space 65024K, 0% used [0x00000000eae00000,0x00000000eae00000,0x00000000eed80000)
  from space 4480K, 3% used [0x00000000eed80000,0x00000000eeda7340,0x00000000ef1e0000)
  to   space 4928K, 0% used [0x00000000f31d0000,0x00000000f31d0000,0x00000000f36a0000)
 ParOldGen       total 43264K, used 4886K [0x00000000c0a00000, 0x00000000c3440000, 0x00000000eae00000)
  object space 43264K, 11% used [0x00000000c0a00000,0x00000000c0ec5838,0x00000000c3440000)
 PSPermGen       total 21248K, used 13065K [0x00000000bb800000, 0x00000000bccc0000, 0x00000000c0a00000)
  object space 21248K, 61% used [0x00000000bb800000,0x00000000bc4c25a8,0x00000000bccc0000)
}
Event: 4.346 GC heap before
{Heap before GC invocations=8 (full 0):
 PSYoungGen      total 69504K, used 65051K [0x00000000eae00000, 0x00000000f36a0000, 0x0000000000000000)
  eden space 65024K, 99% used [0x00000000eae00000,0x00000000eed5fbd0,0x00000000eed80000)
  from space 4480K, 3% used [0x00000000eed80000,0x00000000eeda7340,0x00000000ef1e0000)
  to   space 4928K, 0% used [0x00000000f31d0000,0x00000000f31d0000,0x00000000f36a0000)
 ParOldGen       total 43264K, used 4886K [0x00000000c0a00000, 0x00000000c3440000, 0x00000000eae00000)
  object space 43264K, 11% used [0x00000000c0a00000,0x00000000c0ec5838,0x00000000c3440000)
 PSPermGen       total 21248K, used 13065K [0x00000000bb800000, 0x00000000bccc0000, 0x00000000c0a00000)
  object space 21248K, 61% used [0x00000000bb800000,0x00000000bc4c25a8,0x00000000bccc0000)
Event: 4.346 GC heap after
Heap after GC invocations=8 (full 0):
 PSYoungGen      total 134784K, used 367K [0x00000000eae00000, 0x00000000f3700000, 0x0000000000000000)
  eden space 129856K, 0% used [0x00000000eae00000,0x00000000eae00000,0x00000000f2cd0000)
  from space 4928K, 7% used [0x00000000f31d0000,0x00000000f322bc40,0x00000000f36a0000)
  to   space 5120K, 0% used [0x00000000f2cd0000,0x00000000f2cd0000,0x00000000f31d0000)
 ParOldGen       total 43264K, used 4886K [0x00000000c0a00000, 0x00000000c3440000, 0x00000000eae00000)
  object space 43264K, 11% used [0x00000000c0a00000,0x00000000c0ec5838,0x00000000c3440000)
 PSPermGen       total 21248K, used 13065K [0x00000000bb800000, 0x00000000bccc0000, 0x00000000c0a00000)
  object space 21248K, 61% used [0x00000000bb800000,0x00000000bc4c25a8,0x00000000bccc0000)
}
Event: 40.550 GC heap before
{Heap before GC invocations=9 (full 0):
 PSYoungGen      total 134784K, used 130223K [0x00000000eae00000, 0x00000000f3700000, 0x0000000000000000)
  eden space 129856K, 100% used [0x00000000eae00000,0x00000000f2cd0000,0x00000000f2cd0000)
  from space 4928K, 7% used [0x00000000f31d0000,0x00000000f322bc40,0x00000000f36a0000)
  to   space 5120K, 0% used [0x00000000f2cd0000,0x00000000f2cd0000,0x00000000f31d0000)
 ParOldGen       total 43264K, used 4886K [0x00000000c0a00000, 0x00000000c3440000, 0x00000000eae00000)
  object space 43264K, 11% used [0x00000000c0a00000,0x00000000c0ec5838,0x00000000c3440000)
 PSPermGen       total 21248K, used 16398K [0x00000000bb800000, 0x00000000bccc0000, 0x00000000c0a00000)
  object space 21248K, 77% used [0x00000000bb800000,0x00000000bc803b90,0x00000000bccc0000)
Event: 40.570 GC heap after
Heap after GC invocations=9 (full 0):
 PSYoungGen      total 134976K, used 5115K [0x00000000eae00000, 0x00000000f8750000, 0x0000000000000000)
  eden space 129856K, 0% used [0x00000000eae00000,0x00000000eae00000,0x00000000f2cd0000)
  from space 5120K, 99% used [0x00000000f2cd0000,0x00000000f31cedf8,0x00000000f31d0000)
  to   space 7360K, 0% used [0x00000000f8020000,0x00000000f8020000,0x00000000f8750000)
 ParOldGen       total 43264K, used 8392K [0x00000000c0a00000, 0x00000000c3440000, 0x00000000eae00000)
  object space 43264K, 19% used [0x00000000c0a00000,0x00000000c1232118,0x00000000c3440000)
 PSPermGen       total 21248K, used 16398K [0x00000000bb800000, 0x00000000bccc0000, 0x00000000c0a00000)
  object space 21248K, 77% used [0x00000000bb800000,0x00000000bc803b90,0x00000000bccc0000)
}

